Build started 08/06/2015 22:37:01.
     1>Project "C:\E-Comp-Project\Cronus-master\custom-plugins\addrid.vcxproj" on node 3 (build target(s)).
     1>InitializeBuildStatus:
         Creating "addrid\\addrid.unsuccessfulbuild" because "AlwaysCreate" was specified.
       ClCompile:
         C:\Program Files (x86)\Microsoft Visual Studio 10.0\VC\bin\CL.exe /c /I..\src\common /I..\3rdparty\msinttypes\include /ZI /nologo /W3 /WX- /Od /Oy- /D _WINDLL /D _MBCS /Gm /EHsc /RTC1 /MDd /GS /fp:precise /Zc:wchar_t /Zc:forScope /Fo"addrid\\" /Fd"addrid\\vc100.pdb" /Gd /TC /analyze- /errorReport:prompt ..\src\plugins\addrid.c
         addrid.c
       Link:
         C:\Program Files (x86)\Microsoft Visual Studio 10.0\VC\bin\link.exe /ERRORREPORT:PROMPT /OUT:"..\plugins\\addrid.dll" /NOLOGO kernel32.lib user32.lib gdi32.lib winspool.lib comdlg32.lib advapi32.lib shell32.lib ole32.lib oleaut32.lib uuid.lib odbc32.lib odbccp32.lib /MANIFEST /ManifestFile:"addrid\\addrid.dll.intermediate.manifest" /MANIFESTUAC:"level='asInvoker' uiAccess='false'" /DEBUG /PDB:"C:\E-Comp-Project\Cronus-master\plugins\addrid.pdb" /TLBID:1 /DYNAMICBASE /NXCOMPAT /IMPLIB:"..\plugins\addrid.lib" /MACHINE:X86 /DLL addrid\\addrid.obj
         LINK : ..\plugins\\addrid.dll not found or not built by the last incremental link; performing full link
            Creating library ..\plugins\addrid.lib and object ..\plugins\addrid.exp
         addrid.vcxproj -> C:\E-Comp-Project\Cronus-master\custom-plugins\..\plugins\addrid.dll
       Manifest:
         C:\Program Files (x86)\Microsoft SDKs\Windows\v7.0A\bin\mt.exe /nologo /verbose /outputresource:"..\plugins\\addrid.dll;#2" /manifest addrid\\addrid.dll.intermediate.manifest
       FinalizeBuildStatus:
         Deleting file "addrid\\addrid.unsuccessfulbuild".
         Touching "addrid\\addrid.lastbuildstate".
     1>Done Building Project "C:\E-Comp-Project\Cronus-master\custom-plugins\addrid.vcxproj" (build target(s)).

Build succeeded.

Time Elapsed 00:00:02.71
